Aug 23 10:00:01 server.local kernel: [256.789] USB device plugged in.
Aug 23 10:00:05 server.local sshd[1234]: Invalid user from 192.168.1.1.
Aug 23 10:00:10 server.local sudo[5678]: Command not found.
Aug 23 10:00:15 server.local kernel: [258.123] USB device unplugged.
Aug 23 10:00:20 server.local sshd[1234]: Invalid user from 192.168.1.2.
Aug 22 16:51:18 server.local app[4253]: Accepted password for john from 192.168.1.36.
Aug 22 02:38:43 web-01 kernel: USB device plugged in.
Sep 02 05:27:05 web-01 sshd[8359]: Service nginx stopped unexpectedly.
Aug 23 18:34:24 host1 nginx[6514]: USB device unplugged.
Aug 21 01:18:42 web-01 systemd: USB device unplugged.
Aug 28 18:40:03 host1 app[2569]: USB device plugged in.
Aug 29 05:26:22 db-server cron[91]: Command not found.
Aug 21 17:35:41 host1 systemd: Backup completed successfully.
Sep 02 12:26:48 host1 app[4656]: Low memory: available 100mb
Sep 02 18:24:22 db-server sshd[9179]: disk error on /dev/sda1
Sep 02 01:58:37 db-server app[6788]: disk error on /dev/sda1
Aug 31 23:29:37 server.local nginx[1771]: USB device unplugged.
Sep 03 11:07:48 web-01 systemd: Authentication failure for alice from 192.168.4.221.
Aug 26 11:26:12 db-server kernel: Authentication failure for david from 192.168.3.41.
Aug 26 09:26:06 host1 systemd: USB device unplugged.
Aug 23 22:06:32 server.local systemd: Command not found.
Aug 27 11:08:23 host1 kernel: Accepted password for alice from 192.168.4.243.
Sep 01 22:19:25 host1 sshd[8787]: Service backupd started successfully.
Sep 02 02:09:45 host1 app[4553]: disk error on /dev/sda1
Aug 26 00:24:55 host1 kernel: Command not found.
Aug 21 10:17:47 host1 kernel: USB device plugged in.
Sep 02 02:07:35 host1 app[6677]: Service collector stopped unexpectedly.
Aug 30 11:06:19 db-server cron[62]: CONNECTION REFUSED TO 192.168.5.14.
Aug 28 05:39:29 server.local sshd[4139]: Accepted password for bob from 192.168.4.115.
Aug 21 19:54:53 web-01 nginx[2604]: USB device plugged in.
Aug 24 00:52:59 web-01 cron[71]: Accepted password for alice from 192.168.3.232.
Aug 26 10:29:31 web-01 sudo[533]: Backup completed successfully.
Aug 21 10:04:08 server.local app[4569]: USB device plugged in.
Aug 21 09:08:05 server.local nginx[4044]: USB device unplugged.
Sep 02 19:51:35 host1 systemd: Service collector stopped unexpectedly.
Aug 27 16:17:55 db-server sshd[6147]: Accepted password for bob from 192.168.2.102.
Aug 21 18:15:33 server.local cron[89]: Service nginx stopped unexpectedly.
Aug 28 11:18:44 server.local sshd[7054]: Authentication failure for root from 192.168.1.113.
Sep 01 20:07:49 server.local app[8693]: Service redis started successfully.
Aug 22 19:14:31 server.local app[6532]: Invalid user from 192.168.2.73.
Aug 26 09:46:54 web-01 sudo[966]: USB DEVICE PLUGGED IN.
Aug 28 02:18:38 host1 app[4145]: Invalid user from 192.168.5.114.
Aug 23 14:49:49 server.local nginx[7049]: SERVICE NGINX STOPPED UNEXPECTEDLY.
Aug 28 20:25:29 server.local sudo[315]: Process postgres crashed with exit code 1
Aug 29 20:43:55 host1 sshd[3662]: Low memory: available 100MB
Aug 29 23:50:25 host1 sudo[263]: Low memory: available 100MB
Aug 31 04:08:45 db-server sudo[940]: Low memory: available 100MB
Aug 21 16:26:25 db-server sudo[756]: Service postgres started successfully.
Aug 26 08:10:07 host1 systemd: Authentication failure for root from 192.168.0.28.
Aug 30 14:13:04 server.local cron[83]: ACCEPTED PASSWORD FOR JOHN FROM 192.168.2.12.
Sep 02 01:40:15 host1 sudo[541]: USB device unplugged.
Aug 27 06:57:01 db-server app[5345]: Command not found.
Aug 29 04:52:05 host1 systemd: Service redis stopped unexpectedly.
Sep 03 01:51:56 db-server cron[66]: Connection refused to 192.168.5.55.
Aug 24 02:51:08 server.local sudo[627]: Process redis crashed with exit code 1
Aug 27 12:49:56 host1 nginx[4262]: Invalid user from 192.168.0.12.
Aug 31 01:17:56 web-01 app[6715]: Accepted password for david from 192.168.5.179.
Aug 20 03:13:48 server.local nginx[7965]: Accepted password for john from 192.168.1.206.
Aug 22 22:41:47 web-01 sshd[8612]: Process postgres crashed with exit code 1
Sep 03 20:53:45 web-01 nginx[9976]: Connection refused to 192.168.1.191.
Aug 26 17:32:44 web-01 app[3959]: Authentication failure for john from 192.168.3.20.
Sep 02 02:39:41 server.local sshd[3471]: ACCEPTED PASSWORD FOR BOB FROM 192.168.3.178.
Aug 29 21:26:37 db-server systemd: Connection refused to 192.168.3.16.
Aug 20 11:22:41 web-01 cron[10]: Command not found.
Sep 03 15:25:12 host1 cron[38]: Authentication failure for alice from 192.168.3.125.
Aug 29 19:31:53 host1 nginx[8657]: Invalid user from 192.168.4.137.
Aug 22 00:54:10 web-01 sshd[8564]: Invalid user from 192.168.0.67.
Aug 29 04:51:25 db-server nginx[7906]: AUTHENTICATION FAILURE FOR ALICE FROM 192.168.0.121.
Aug 28 11:52:00 host1 app[2562]: Low memory: available 100mb
Aug 23 16:46:08 host1 sshd[8758]: Process collector crashed with exit code 1
Aug 24 01:44:39 server.local nginx[3683]: Authentication failure for alice from 192.168.0.149.
Aug 29 02:37:55 web-01 app[3624]: USB DEVICE UNPLUGGED.
Aug 27 07:41:04 server.local nginx[1672]: COMMAND NOT FOUND.
Aug 28 06:46:53 server.local nginx[7882]: Connection refused to 192.168.0.111.
Sep 01 15:56:22 db-server systemd: Low memory: available 100MB
Aug 26 12:21:06 db-server nginx[5022]: USB device unplugged.
Aug 29 04:46:38 db-server kernel: Connection refused to 192.168.2.47.
Aug 26 18:54:46 db-server systemd: USB device plugged in.
Sep 02 11:24:48 host1 app[5900]: PROCESS REDIS CRASHED WITH EXIT CODE 1
Aug 25 09:05:21 web-01 app[3993]: Authentication failure for charlie from 192.168.5.149.
Sep 02 08:37:28 db-server sudo[819]: Connection refused to 192.168.2.79.
Aug 22 21:38:44 host1 sshd[4545]: Backup completed successfully.
Aug 26 20:51:31 server.local nginx[4180]: AUTHENTICATION FAILURE FOR BOB FROM 192.168.1.93.
Sep 01 23:09:22 host1 sudo[146]: USB device plugged in.
Aug 22 11:45:41 server.local systemd: Authentication failure for david from 192.168.3.123.
Aug 31 14:17:50 server.local nginx[2070]: disk error on /dev/sda1
Aug 27 08:59:49 server.local sshd[2940]: Service backupd started successfully.
Aug 30 22:26:37 web-01 sudo[980]: SERVICE BACKUPD STOPPED UNEXPECTEDLY.
Aug 22 09:48:27 host1 app[3728]: Authentication failure for bob from 192.168.5.21.
Aug 20 01:33:31 web-01 cron[98]: Service nginx stopped unexpectedly.
Aug 31 00:29:32 server.local app[3912]: Authentication failure for john from 192.168.5.151.
Aug 23 14:47:33 db-server nginx[3330]: USB device unplugged.
Aug 27 00:07:40 web-01 kernel: Connection refused to 192.168.5.78.
Aug 31 23:39:23 web-01 kernel: Service postgres stopped unexpectedly.
Aug 25 13:21:29 server.local nginx[5415]: Service collector stopped unexpectedly.
Aug 26 18:02:16 host1 systemd: disk error on /dev/sda1
Aug 27 19:01:47 server.local nginx[3634]: Command not found.
Sep 02 08:27:16 server.local cron[21]: Command not found.
Aug 20 00:40:13 web-01 cron[16]: Accepted password for root from 192.168.4.93.
Aug 24 22:34:52 db-server systemd: Invalid user from 192.168.2.113.
Sep 03 18:41:36 host1 app[3297]: AUTHENTICATION FAILURE FOR ROOT FROM 192.168.4.4.
Aug 22 18:05:45 web-01 kernel: Process postgres crashed with exit code 1
Aug 31 17:04:34 web-01 sshd[8483]: Service backupd started successfully.
Aug 21 16:40:02 db-server nginx[7798]: Command not found.
Sep 03 01:49:47 web-01 nginx[3434]: Connection refused to 192.168.4.124.
Aug 31 01:15:26 db-server nginx[4090]: Backup completed successfully.
Aug 27 17:21:04 web-01 app[8647]: Disk error on /dev/sda1
Sep 01 04:36:20 db-server nginx[2644]: Connection refused to 192.168.0.135.
Aug 23 17:55:18 server.local cron[43]: Command not found.
Sep 01 22:51:27 web-01 sudo[741]: Backup completed successfully.
Aug 26 23:24:37 host1 app[2740]: disk error on /dev/sda1
Aug 20 16:51:46 server.local sudo[915]: USB device plugged in.
Sep 02 17:40:37 host1 sshd[3868]: USB device unplugged.
Sep 03 03:42:49 host1 sshd[8555]: Process redis crashed with exit code 1
Aug 26 23:33:27 host1 kernel: Connection refused to 192.168.2.151.
Aug 27 07:59:55 host1 cron[71]: USB device unplugged.
Aug 27 03:59:03 server.local nginx[7484]: Authentication failure for john from 192.168.0.145.
Aug 26 22:43:12 host1 systemd: Low memory: available 100MB
Aug 23 07:40:46 server.local app[7294]: USB device plugged in.
Aug 22 04:30:23 db-server sudo[865]: disk error on /dev/sda1
Sep 01 04:18:59 db-server nginx[3695]: Authentication failure for charlie from 192.168.3.248.
Aug 21 19:51:54 host1 nginx[4696]: Process backupd crashed with exit code 1
Aug 20 08:06:29 db-server systemd: USB device unplugged.
Aug 29 00:23:56 server.local app[3915]: Connection refused to 192.168.0.159.
Aug 21 12:49:35 web-01 app[4475]: Process redis crashed with exit code 1
Aug 31 22:58:28 server.local kernel: Accepted password for david from 192.168.4.35.
Sep 02 02:41:05 web-01 systemd: Backup completed successfully.
Aug 26 18:57:37 server.local app[5035]: ACCEPTED PASSWORD FOR BOB FROM 192.168.3.114.
Aug 28 21:59:17 db-server kernel: DISK ERROR ON /DEV/SDA1
Aug 25 03:33:38 server.local kernel: Low memory: available 100MB
Sep 02 10:50:57 host1 systemd: ACCEPTED PASSWORD FOR BOB FROM 192.168.1.85.
Aug 23 12:17:12 host1 systemd: Authentication failure for john from 192.168.1.29.
Aug 25 18:36:18 db-server kernel: Invalid user from 192.168.2.14.
Aug 31 13:26:00 web-01 nginx[6931]: Service backupd started successfully.
Sep 01 15:46:02 db-server cron[92]: USB device plugged in.
Aug 30 18:23:37 server.local kernel: Command not found.
Sep 02 07:26:26 db-server cron[86]: Service backupd started successfully.
Aug 22 18:39:03 host1 cron[67]: Accepted password for david from 192.168.3.87.
Aug 30 08:36:28 db-server app[4088]: COMMAND NOT FOUND.
Aug 22 01:43:42 server.local cron[22]: BACKUP COMPLETED SUCCESSFULLY.
Sep 02 15:08:52 db-server app[3001]: disk error on /dev/sda1
Aug 26 23:33:22 db-server sudo[206]: Service collector stopped unexpectedly.
Sep 02 12:02:53 db-server kernel: Low memory: available 100MB
Sep 03 21:25:56 server.local systemd: Process nginx crashed with exit code 1
Aug 28 05:57:43 db-server kernel: INVALID USER FROM 192.168.1.145.
Aug 20 17:51:32 server.local app[6345]: Accepted password for david from 192.168.3.108.
Aug 27 20:58:00 server.local kernel: Invalid user from 192.168.1.194.
Aug 30 07:00:23 web-01 systemd: CONNECTION REFUSED TO 192.168.3.70.
Aug 30 10:26:34 server.local sudo[794]: PROCESS POSTGRES CRASHED WITH EXIT CODE 1
Aug 29 14:15:27 server.local kernel: Accepted password for bob from 192.168.2.243.
Aug 22 21:53:45 server.local cron[65]: Invalid user from 192.168.1.98.
Aug 28 14:19:02 server.local cron[15]: disk error on /dev/sda1
Aug 30 03:19:27 db-server kernel: disk error on /dev/sda1
Aug 28 18:47:40 server.local cron[23]: ACCEPTED PASSWORD FOR DAVID FROM 192.168.3.151.
Aug 27 12:44:52 db-server sshd[6456]: Low memory: available 100MB
Aug 28 11:31:33 db-server app[8708]: Process nginx crashed with exit code 1
Aug 23 17:03:11 server.local sshd[9095]: Connection refused to 192.168.4.195.
Aug 27 20:16:56 db-server sshd[8205]: USB device unplugged.
Aug 28 13:01:16 server.local sudo[572]: CONNECTION REFUSED TO 192.168.0.15.
Aug 22 04:36:05 web-01 cron[84]: Service collector started successfully.
Aug 24 13:39:26 db-server systemd: CONNECTION REFUSED TO 192.168.4.39.
Aug 28 08:04:01 server.local systemd: Process collector crashed with exit code 1
Sep 03 19:14:14 host1 sudo[481]: AUTHENTICATION FAILURE FOR CHARLIE FROM 192.168.3.105.
Aug 28 02:56:50 server.local sudo[196]: Service postgres started successfully.
Sep 03 15:05:55 host1 sudo[183]: Service postgres stopped unexpectedly.
Aug 29 12:19:55 host1 systemd: Backup completed successfully.
Aug 23 02:26:42 server.local app[7492]: disk error on /dev/sda1
Aug 28 07:04:24 web-01 sshd[4711]: Invalid user from 192.168.1.20.
Sep 01 18:43:36 server.local app[4758]: Low memory: available 100MB
Aug 24 00:26:00 web-01 kernel: disk error on /dev/sda1
Aug 30 21:31:10 host1 systemd: Accepted password for david from 192.168.2.248.
Aug 30 16:39:59 web-01 nginx[5616]: Low memory: available 100MB
Sep 03 16:14:31 host1 nginx[5096]: USB device plugged in.
Sep 01 12:32:20 server.local sudo[185]: Low memory: available 100MB
Aug 25 09:20:47 web-01 sudo[127]: disk error on /dev/sda1
Aug 29 02:24:08 host1 kernel: Command not found.
Aug 26 23:07:09 web-01 app[8808]: INVALID USER FROM 192.168.5.121.
Aug 21 22:09:08 server.local sudo[320]: Invalid user from 192.168.4.241.
Aug 26 23:49:52 host1 sudo[224]: Usb device plugged in.
Sep 01 03:10:17 server.local app[6221]: Service postgres stopped unexpectedly.
Aug 25 20:08:19 web-01 sshd[2402]: Service backupd started successfully.
Sep 02 10:49:00 server.local cron[70]: USB device plugged in.
Aug 21 15:21:22 db-server sshd[2698]: LOW MEMORY: AVAILABLE 100MB
Sep 02 06:04:33 db-server nginx[3868]: Low memory: available 100MB
Aug 21 12:45:31 web-01 kernel: Authentication failure for bob from 192.168.1.12.
Aug 29 15:58:56 web-01 sudo[137]: Low memory: available 100mb
Aug 28 01:21:36 db-server kernel: Low memory: available 100MB
Aug 24 12:49:44 web-01 app[6075]: COMMAND NOT FOUND.
Sep 03 14:57:16 host1 systemd: Authentication failure for alice from 192.168.2.27.
Sep 03 15:03:09 web-01 sshd[8272]: Command not found.
Aug 21 09:24:48 server.local app[7222]: disk error on /dev/sda1
Sep 03 17:56:12 web-01 kernel: Invalid user from 192.168.0.61.
Aug 20 18:51:56 host1 app[5685]: Command not found.
Aug 27 15:08:34 db-server sshd[2858]: USB device plugged in.
Aug 26 08:29:45 db-server app[5655]: Accepted password for john from 192.168.4.74.
Aug 21 19:08:18 web-01 sshd[8292]: USB device unplugged.
Aug 27 01:08:53 db-server nginx[3580]: Backup completed successfully.
Aug 22 22:41:55 host1 nginx[3275]: Accepted password for charlie from 192.168.3.7.
Sep 02 09:21:27 host1 systemd: USB device unplugged.
Sep 02 22:54:13 server.local sshd[6194]: Process backupd crashed with exit code 1
Sep 02 09:09:27 host1 nginx[3114]: disk error on /dev/sda1
Aug 23 22:21:09 db-server app[3847]: Command not found.
Sep 02 08:53:18 db-server sshd[5961]: Service nginx stopped unexpectedly.
Aug 24 03:43:53 db-server nginx[1674]: USB device plugged in.
Sep 02 21:17:38 web-01 systemd: Process backupd crashed with exit code 1
Aug 31 17:20:08 host1 nginx[7653]: Authentication failure for john from 192.168.3.19.
Aug 31 06:33:25 host1 sudo[721]: Invalid user from 192.168.2.221.
Aug 29 16:16:09 host1 nginx[7070]: Service nginx started successfully.
Aug 26 00:25:23 host1 kernel: USB device plugged in.
Aug 23 21:01:54 db-server systemd: Backup completed successfully.
Aug 27 11:44:16 web-01 kernel: USB device unplugged.
Aug 21 05:26:30 db-server cron[86]: PROCESS BACKUPD CRASHED WITH EXIT CODE 1
Aug 22 14:37:17 web-01 sshd[5333]: BACKUP COMPLETED SUCCESSFULLY.
Aug 21 05:48:05 host1 sudo[666]: Authentication failure for root from 192.168.0.99.
Sep 03 19:57:30 server.local sshd[2584]: disk error on /dev/sda1
Aug 24 19:57:34 web-01 systemd: USB device plugged in.
Aug 23 14:45:51 host1 sudo[727]: Command not found.
Sep 01 08:55:47 web-01 app[6611]: Authentication failure for alice from 192.168.3.209.
Aug 30 02:39:08 db-server nginx[1436]: Service backupd stopped unexpectedly.
Sep 03 03:55:37 web-01 sshd[9589]: Process nginx crashed with exit code 1
Sep 02 21:32:46 server.local sshd[1310]: Connection refused to 192.168.2.108.
Sep 03 20:12:42 web-01 nginx[2020]: Backup completed successfully.
Sep 01 18:06:45 web-01 sudo[277]: Connection refused to 192.168.4.88.
Aug 26 10:00:07 web-01 sshd[5038]: Authentication failure for bob from 192.168.4.77.
Aug 31 20:51:53 db-server cron[54]: Service redis started successfully.
Aug 29 13:49:54 db-server nginx[3399]: Authentication failure for john from 192.168.0.74.
Aug 26 05:23:21 web-01 sshd[4310]: Service postgres started successfully.
Sep 03 05:51:12 host1 sshd[1831]: PROCESS NGINX CRASHED WITH EXIT CODE 1
Aug 30 00:45:55 db-server app[5869]: USB device unplugged.
Aug 23 20:00:26 web-01 app[5896]: Connection refused to 192.168.5.52.
Aug 22 04:06:52 host1 systemd: Backup completed successfully.
Aug 20 21:10:10 web-01 nginx[9116]: INVALID USER FROM 192.168.5.247.
Sep 02 18:51:42 server.local sudo[391]: Connection refused to 192.168.5.140.
Sep 01 05:43:30 web-01 sudo[297]: Low memory: available 100MB
Aug 20 08:12:16 db-server nginx[5833]: Service nginx stopped unexpectedly.
Aug 29 20:12:54 web-01 systemd: Command not found.
Aug 27 20:30:41 host1 kernel: Authentication failure for david from 192.168.3.61.
Sep 02 21:43:30 server.local sudo[769]: Command not found.
Sep 01 04:44:21 db-server app[2961]: Process nginx crashed with exit code 1
Aug 23 17:14:13 web-01 app[6962]: Command not found.
Aug 25 07:14:02 host1 app[8182]: Service backupd stopped unexpectedly.
Sep 02 16:39:07 server.local kernel: Service backupd started successfully.
Sep 01 15:07:15 web-01 kernel: PROCESS COLLECTOR CRASHED WITH EXIT CODE 1
Sep 01 09:18:54 web-01 nginx[1911]: Connection refused to 192.168.1.132.
Aug 27 11:31:18 server.local cron[42]: USB DEVICE PLUGGED IN.
Aug 28 08:42:09 server.local systemd: USB device plugged in.
Aug 23 06:53:34 web-01 sudo[491]: Connection refused to 192.168.3.97.
Aug 22 21:06:31 host1 systemd: disk error on /dev/sda1
Aug 27 05:48:32 web-01 app[7890]: Service nginx started successfully.
Aug 26 16:34:39 host1 app[8270]: USB device unplugged.
Aug 20 09:06:51 host1 sshd[2102]: USB device unplugged.
Aug 25 22:34:04 server.local cron[66]: Accepted password for alice from 192.168.4.56.
Sep 02 23:36:30 db-server systemd: Service nginx stopped unexpectedly.
Sep 01 15:39:02 host1 cron[48]: Authentication failure for root from 192.168.0.143.
Sep 01 00:43:12 server.local sudo[758]: Process postgres crashed with exit code 1
